<?xml version="1.0" encoding="UTF-8"?>
<testsuite xmlns:xsi="http://www.w3.org/2001/XMLSchema-instance" xsi:noNamespaceSchemaLocation="https://maven.apache.org/surefire/maven-surefire-plugin/xsd/surefire-test-report.xsd" name="com.MapReduce.AppTest" time="0.018" tests="1" errors="0" skipped="0" failures="0">
  <properties>
    <property name="java.specification.version" value="17"/>
    <property name="sun.jnu.encoding" value="UTF-8"/>
    <property name="java.class.path" value="/home/lalitsc/Projects/MapReduce/target/test-classes:/home/lalitsc/Projects/MapReduce/target/classes:/home/lalitsc/.m2/repository/junit/junit/4.11/junit-4.11.jar:/home/lalitsc/.m2/repository/org/hamcrest/hamcrest-core/1.3/hamcrest-core-1.3.jar:/home/lalitsc/.m2/repository/org/apache/ignite/ignite-core/2.13.0/ignite-core-2.13.0.jar:/home/lalitsc/.m2/repository/javax/cache/cache-api/1.0.0/cache-api-1.0.0.jar:/home/lalitsc/.m2/repository/org/jetbrains/annotations/16.0.3/annotations-16.0.3.jar:/home/lalitsc/.m2/repository/org/apache/ignite/ignite-spring/2.13.0/ignite-spring-2.13.0.jar:/home/lalitsc/.m2/repository/org/apache/ignite/ignite-indexing/2.13.0/ignite-indexing-2.13.0.jar:/home/lalitsc/.m2/repository/commons-codec/commons-codec/1.13/commons-codec-1.13.jar:/home/lalitsc/.m2/repository/org/apache/lucene/lucene-core/7.4.0/lucene-core-7.4.0.jar:/home/lalitsc/.m2/repository/org/apache/lucene/lucene-analyzers-common/7.4.0/lucene-analyzers-common-7.4.0.jar:/home/lalitsc/.m2/repository/org/apache/lucene/lucene-queryparser/7.4.0/lucene-queryparser-7.4.0.jar:/home/lalitsc/.m2/repository/org/apache/lucene/lucene-queries/7.4.0/lucene-queries-7.4.0.jar:/home/lalitsc/.m2/repository/org/apache/lucene/lucene-sandbox/7.4.0/lucene-sandbox-7.4.0.jar:/home/lalitsc/.m2/repository/com/h2database/h2/1.4.197/h2-1.4.197.jar:/home/lalitsc/.m2/repository/org/springframework/spring-context/5.2.21.RELEASE/spring-context-5.2.21.RELEASE.jar:/home/lalitsc/.m2/repository/org/springframework/spring-aop/5.2.21.RELEASE/spring-aop-5.2.21.RELEASE.jar:/home/lalitsc/.m2/repository/org/springframework/spring-beans/5.2.21.RELEASE/spring-beans-5.2.21.RELEASE.jar:/home/lalitsc/.m2/repository/org/springframework/spring-core/5.2.21.RELEASE/spring-core-5.2.21.RELEASE.jar:/home/lalitsc/.m2/repository/org/springframework/spring-jcl/5.2.21.RELEASE/spring-jcl-5.2.21.RELEASE.jar:/home/lalitsc/.m2/repository/org/springframework/spring-expression/5.2.21.RELEASE/spring-expression-5.2.21.RELEASE.jar:/home/lalitsc/.m2/repository/commons-logging/commons-logging/1.1.1/commons-logging-1.1.1.jar:/home/lalitsc/.m2/repository/org/apache/pdfbox/pdfbox/2.0.26/pdfbox-2.0.26.jar:/home/lalitsc/.m2/repository/org/apache/pdfbox/fontbox/2.0.26/fontbox-2.0.26.jar:"/>
    <property name="java.vm.vendor" value="Red Hat, Inc."/>
    <property name="sun.arch.data.model" value="64"/>
    <property name="java.vendor.url" value="https://www.redhat.com/"/>
    <property name="os.name" value="Linux"/>
    <property name="java.vm.specification.version" value="17"/>
    <property name="sun.java.launcher" value="SUN_STANDARD"/>
    <property name="user.country" value="US"/>
    <property name="sun.boot.library.path" value="/usr/lib/jvm/java-17-openjdk-17.0.4.0.8-1.fc36.x86_64/lib"/>
    <property name="sun.java.command" value="/home/lalitsc/Projects/MapReduce/target/surefire/surefirebooter15838043452915106244.jar /home/lalitsc/Projects/MapReduce/target/surefire 2022-08-23T11-42-23_094-jvmRun1 surefire2871445654804100845tmp surefire_02488098411085880129tmp"/>
    <property name="jdk.debug" value="release"/>
    <property name="surefire.test.class.path" value="/home/lalitsc/Projects/MapReduce/target/test-classes:/home/lalitsc/Projects/MapReduce/target/classes:/home/lalitsc/.m2/repository/junit/junit/4.11/junit-4.11.jar:/home/lalitsc/.m2/repository/org/hamcrest/hamcrest-core/1.3/hamcrest-core-1.3.jar:/home/lalitsc/.m2/repository/org/apache/ignite/ignite-core/2.13.0/ignite-core-2.13.0.jar:/home/lalitsc/.m2/repository/javax/cache/cache-api/1.0.0/cache-api-1.0.0.jar:/home/lalitsc/.m2/repository/org/jetbrains/annotations/16.0.3/annotations-16.0.3.jar:/home/lalitsc/.m2/repository/org/apache/ignite/ignite-spring/2.13.0/ignite-spring-2.13.0.jar:/home/lalitsc/.m2/repository/org/apache/ignite/ignite-indexing/2.13.0/ignite-indexing-2.13.0.jar:/home/lalitsc/.m2/repository/commons-codec/commons-codec/1.13/commons-codec-1.13.jar:/home/lalitsc/.m2/repository/org/apache/lucene/lucene-core/7.4.0/lucene-core-7.4.0.jar:/home/lalitsc/.m2/repository/org/apache/lucene/lucene-analyzers-common/7.4.0/lucene-analyzers-common-7.4.0.jar:/home/lalitsc/.m2/repository/org/apache/lucene/lucene-queryparser/7.4.0/lucene-queryparser-7.4.0.jar:/home/lalitsc/.m2/repository/org/apache/lucene/lucene-queries/7.4.0/lucene-queries-7.4.0.jar:/home/lalitsc/.m2/repository/org/apache/lucene/lucene-sandbox/7.4.0/lucene-sandbox-7.4.0.jar:/home/lalitsc/.m2/repository/com/h2database/h2/1.4.197/h2-1.4.197.jar:/home/lalitsc/.m2/repository/org/springframework/spring-context/5.2.21.RELEASE/spring-context-5.2.21.RELEASE.jar:/home/lalitsc/.m2/repository/org/springframework/spring-aop/5.2.21.RELEASE/spring-aop-5.2.21.RELEASE.jar:/home/lalitsc/.m2/repository/org/springframework/spring-beans/5.2.21.RELEASE/spring-beans-5.2.21.RELEASE.jar:/home/lalitsc/.m2/repository/org/springframework/spring-core/5.2.21.RELEASE/spring-core-5.2.21.RELEASE.jar:/home/lalitsc/.m2/repository/org/springframework/spring-jcl/5.2.21.RELEASE/spring-jcl-5.2.21.RELEASE.jar:/home/lalitsc/.m2/repository/org/springframework/spring-expression/5.2.21.RELEASE/spring-expression-5.2.21.RELEASE.jar:/home/lalitsc/.m2/repository/commons-logging/commons-logging/1.1.1/commons-logging-1.1.1.jar:/home/lalitsc/.m2/repository/org/apache/pdfbox/pdfbox/2.0.26/pdfbox-2.0.26.jar:/home/lalitsc/.m2/repository/org/apache/pdfbox/fontbox/2.0.26/fontbox-2.0.26.jar:"/>
    <property name="sun.cpu.endian" value="little"/>
    <property name="user.home" value="/home/lalitsc"/>
    <property name="user.language" value="en"/>
    <property name="java.specification.vendor" value="Oracle Corporation"/>
    <property name="java.version.date" value="2022-07-19"/>
    <property name="java.home" value="/usr/lib/jvm/java-17-openjdk-17.0.4.0.8-1.fc36.x86_64"/>
    <property name="file.separator" value="/"/>
    <property name="basedir" value="/home/lalitsc/Projects/MapReduce"/>
    <property name="java.vm.compressedOopsMode" value="32-bit"/>
    <property name="line.separator" value="&#10;"/>
    <property name="java.vm.specification.vendor" value="Oracle Corporation"/>
    <property name="java.specification.name" value="Java Platform API Specification"/>
    <property name="surefire.real.class.path" value="/home/lalitsc/Projects/MapReduce/target/surefire/surefirebooter15838043452915106244.jar"/>
    <property name="sun.management.compiler" value="HotSpot 64-Bit Tiered Compilers"/>
    <property name="java.runtime.version" value="17.0.4+8"/>
    <property name="user.name" value="lalitsc"/>
    <property name="path.separator" value=":"/>
    <property name="os.version" value="5.18.18-200.fc36.x86_64"/>
    <property name="java.runtime.name" value="OpenJDK Runtime Environment"/>
    <property name="file.encoding" value="UTF-8"/>
    <property name="java.vm.name" value="OpenJDK 64-Bit Server VM"/>
    <property name="java.vendor.version" value="(Red_Hat-17.0.4.0.8-1.fc36)"/>
    <property name="localRepository" value="/home/lalitsc/.m2/repository"/>
    <property name="java.vendor.url.bug" value="https://bugzilla.redhat.com/enter_bug.cgi?product=Fedora&amp;component=java-17-openjdk&amp;version=36"/>
    <property name="java.io.tmpdir" value="/tmp"/>
    <property name="java.version" value="17.0.4"/>
    <property name="user.dir" value="/home/lalitsc/Projects/MapReduce"/>
    <property name="os.arch" value="amd64"/>
    <property name="java.vm.specification.name" value="Java Virtual Machine Specification"/>
    <property name="native.encoding" value="UTF-8"/>
    <property name="java.library.path" value="/usr/java/packages/lib:/usr/lib64:/lib64:/lib:/usr/lib"/>
    <property name="java.vm.info" value="mixed mode, sharing"/>
    <property name="java.vendor" value="Red Hat, Inc."/>
    <property name="java.vm.version" value="17.0.4+8"/>
    <property name="sun.io.unicode.encoding" value="UnicodeLittle"/>
    <property name="java.class.version" value="61.0"/>
  </properties>
  <testcase name="shouldAnswerWithTrue" classname="com.MapReduce.AppTest" time="0.002"/>
</testsuite>